<?xml version="1.0" encoding="UTF-8"?>
<!-- Generated by org.testng.reporters.JUnitReportReporter -->
<testsuite skipped="0" hostname="LAPTOP-F40721BC" name="sampleTest.Test02_POST" tests="1" failures="0" timestamp="2022-12-21T17:28:25 IST" time="1.808" errors="0">
  <testcase name="Test02Post" time="1.808" classname="sampleTest.Test02_POST"/>
  <system-out/>
</testsuite> <!-- sampleTest.Test02_POST -->
