<?xml version="1.0" encoding="UTF-8"?>
<!-- Generated by org.testng.reporters.JUnitReportReporter -->
<testsuite skipped="0" hostname="LAPTOP-F40721BC" name="sampleTest.Test05_Auth" tests="1" failures="0" timestamp="2022-12-19T17:39:29 IST" time="5.953" errors="0">
  <testcase name="TestAuth" time="5.953" classname="sampleTest.Test05_Auth"/>
  <system-out/>
</testsuite> <!-- sampleTest.Test05_Auth -->
