<?xml version="1.0" encoding="UTF-8"?>
<!-- Generated by org.testng.reporters.JUnitReportReporter -->
<testsuite skipped="0" hostname="LAPTOP-F40721BC" name="sampleTest.Test03_DELETE" tests="1" failures="0" timestamp="2022-12-21T17:28:33 IST" time="1.841" errors="0">
  <testcase name="Test03Delete" time="1.841" classname="sampleTest.Test03_DELETE"/>
  <system-out/>
</testsuite> <!-- sampleTest.Test03_DELETE -->
