<?xml version="1.0" encoding="UTF-8"?>
<!-- Generated by org.testng.reporters.JUnitReportReporter -->
<testsuite skipped="0" hostname="LAPTOP-F40721BC" name="sampleTest.Test06_JsonFilePath" tests="1" failures="0" timestamp="2022-12-22T19:55:49 IST" time="0.634" errors="0">
  <testcase name="getJsonFilePath" time="0.634" classname="sampleTest.Test06_JsonFilePath"/>
  <system-out/>
</testsuite> <!-- sampleTest.Test06_JsonFilePath -->
