<?xml version="1.0" encoding="UTF-8"?>
<!-- Generated by org.testng.reporters.JUnitReportReporter -->
<testsuite skipped="0" hostname="LAPTOP-F40721BC" name="sampleTest.Test04_GetSpecificJsonKeyValue" tests="1" failures="0" timestamp="2022-12-17T15:44:11 IST" time="1.917" errors="0">
  <testcase name="getSpecificJsonKeyValue" time="1.917" classname="sampleTest.Test04_GetSpecificJsonKeyValue"/>
  <system-out/>
</testsuite> <!-- sampleTest.Test04_GetSpecificJsonKeyValue -->
