<?xml version="1.0" encoding="UTF-8"?>
<!-- Generated by org.testng.reporters.JUnitReportReporter -->
<testsuite skipped="0" hostname="LAPTOP-F40721BC" name="sampleTest.Test01_GET" tests="1" failures="0" timestamp="2022-12-19T20:36:14 IST" time="2.459" errors="0">
  <testcase name="test_01" time="2.459" classname="sampleTest.Test01_GET"/>
  <system-out/>
</testsuite> <!-- sampleTest.Test01_GET -->
